{"TenantId": "redacted", "TimeGenerated": "2025-09-12T08:54:08.963Z", "SourceSystem": "OpsManager", "Computer": "WORKSTATION5", "EventSourceName": "Microsoft-Windows-Security-Auditing", "Channel": "Security", "Task": 1, "Level": "0", "EventData": "<EventData xmlns=\"http://schemas.microsoft.com/win/2004/08/events/event\">\r\n  <Data Name=\"SubjectUserSid\">S-1-5-19</Data>\r\n  <Data Name=\"SubjectUserName\">LOCAL SERVICE</Data>\r\n  <Data Name=\"SubjectDomainName\">NT AUTHORITY</Data>\r\n  <Data Name=\"SubjectLogonId\">0x3e5</Data>\r\n  <Data Name=\"ObjectServer\">Security</Data>\r\n  <Data Name=\"ObjectType\">Key</Data>\r\n  <Data Name=\"ObjectName\">\\REGISTRY\\MACHINE\\SOFTWARE\\Microsoft\\Windows NT\\CurrentVersion\\Winlogon</Data>\r\n  <Data Name=\"HandleId\">0x77c</Data>\r\n  <Data Name=\"TransactionId\">{00000000-0000-0000-0000-000000000000}</Data>\r\n  <Data Name=\"AccessList\">%%1538 \t\t\t\t%%4432 \t\t\t\t%%4435 \t\t\t\t%%4436 \t\t\t\t</Data>\r\n  <Data Name=\"AccessReason\">-</Data>\r\n  <Data Name=\"AccessMask\">0x20019</Data>\r\n  <Data Name=\"PrivilegeList\">-</Data>\r\n  <Data Name=\"RestrictedSidCount\">0</Data>\r\n  <Data Name=\"ProcessId\">0x824</Data>\r\n  <Data Name=\"ProcessName\">C:\\Windows\\System32\\WindowsPowerShell\\v1.0\\powershell.exe</Data>\r\n  <Data Name=\"ResourceAttributes\">-</Data>\r\n</EventData>", "EventID": 4656, "Activity": "4656 - A handle to an object was requested.", "SourceComputerId": "29acc230-2f13-49db-9ef2-c9b20229a10d", "EventOriginId": "29acc230-2f13-49db-9ef2-c9b20229a10c", "MG": "00000000-0000-0000-0000-000000000001", "TimeCollected": "2025-09-12T08:54:37.935Z", "ManagementGroupName": "AOI-redacted", "Type": "SecurityEvent", "_ResourceId": "/subscriptions/redacted/resourcegroups/redacted/providers/microsoft.compute/virtualmachines/workstation5"}
{"TenantId": "redacted", "TimeGenerated": "2025-09-12T08:54:08.963Z", "SourceSystem": "OpsManager", "Account": "NT AUTHORITY\\LOCAL SERVICE", "AccountType": "Machine", "Computer": "WORKSTATION5", "EventSourceName": "Microsoft-Windows-Security-Auditing", "Channel": "Security", "Task": 1, "Level": "0", "EventData": "<EventData xmlns=\"http://schemas.microsoft.com/win/2004/08/events/event\">\r\n  <Data Name=\"SubjectUserSid\">S-1-5-19</Data>\r\n  <Data Name=\"SubjectUserName\">LOCAL SERVICE</Data>\r\n  <Data Name=\"SubjectDomainName\">NT AUTHORITY</Data>\r\n  <Data Name=\"SubjectLogonId\">0x3e5</Data>\r\n  <Data Name=\"ObjectServer\">Security</Data>\r\n  <Data Name=\"ObjectType\">Key</Data>\r\n  <Data Name=\"ObjectName\">\\REGISTRY\\MACHINE\\SOFTWARE\\Microsoft\\Windows NT\\CurrentVersion\\Winlogon</Data>\r\n  <Data Name=\"HandleId\">0x77c</Data>\r\n  <Data Name=\"AccessList\">%%4432 \t\t\t\t</Data>\r\n  <Data Name=\"AccessMask\">0x1</Data>\r\n  <Data Name=\"ProcessId\">0x824</Data>\r\n  <Data Name=\"ProcessName\">C:\\Windows\\System32\\WindowsPowerShell\\v1.0\\powershell.exe</Data>\r\n  <Data Name=\"ResourceAttributes\">-</Data>\r\n</EventData>", "EventID": 4663, "Activity": "4663 - An attempt was made to access an object.", "AccessList": "%%4432 \t\t\t\t", "AccessMask": "0x1", "HandleId": "0x77c", "ObjectName": "\\REGISTRY\\MACHINE\\SOFTWARE\\Microsoft\\Windows NT\\CurrentVersion\\Winlogon", "ObjectServer": "Security", "ObjectType": "Key", "Process": "powershell.exe", "ProcessId": "0x824", "ProcessName": "C:\\Windows\\System32\\WindowsPowerShell\\v1.0\\powershell.exe", "SubjectAccount": "NT AUTHORITY\\LOCAL SERVICE", "SubjectDomainName": "NT AUTHORITY", "SubjectLogonId": "0x3e5", "SubjectUserName": "LOCAL SERVICE", "SubjectUserSid": "S-1-5-19", "SourceComputerId": "29acc230-2f13-49db-9ef2-c9b20229a10d", "EventOriginId": "29acc230-2f13-49db-9ef2-c9b20229a10c", "MG": "00000000-0000-0000-0000-000000000001", "TimeCollected": "2025-09-12T08:54:37.935Z", "ManagementGroupName": "AOI-redacted", "Type": "SecurityEvent", "_ResourceId": "/subscriptions/redacted/resourcegroups/redacted/providers/microsoft.compute/virtualmachines/workstation5"}
{"TenantId": "redacted", "TimeGenerated": "2025-09-12T08:54:08.967Z", "SourceSystem": "OpsManager", "Computer": "WORKSTATION5", "EventSourceName": "Microsoft-Windows-Security-Auditing", "Channel": "Security", "Task": 1, "Level": "0", "EventData": "<EventData xmlns=\"http://schemas.microsoft.com/win/2004/08/events/event\">\r\n  <Data Name=\"SubjectUserSid\">S-1-5-19</Data>\r\n  <Data Name=\"SubjectUserName\">LOCAL SERVICE</Data>\r\n  <Data Name=\"SubjectDomainName\">NT AUTHORITY</Data>\r\n  <Data Name=\"SubjectLogonId\">0x3e5</Data>\r\n  <Data Name=\"ObjectServer\">Security</Data>\r\n  <Data Name=\"ObjectType\">Key</Data>\r\n  <Data Name=\"ObjectName\">\\REGISTRY\\MACHINE\\SOFTWARE\\Microsoft\\Windows NT\\CurrentVersion\\Winlogon</Data>\r\n  <Data Name=\"HandleId\">0x798</Data>\r\n  <Data Name=\"TransactionId\">{00000000-0000-0000-0000-000000000000}</Data>\r\n  <Data Name=\"AccessList\">%%1538 \t\t\t\t%%4432 \t\t\t\t%%4435 \t\t\t\t%%4436 \t\t\t\t</Data>\r\n  <Data Name=\"AccessReason\">-</Data>\r\n  <Data Name=\"AccessMask\">0x20019</Data>\r\n  <Data Name=\"PrivilegeList\">-</Data>\r\n  <Data Name=\"RestrictedSidCount\">0</Data>\r\n  <Data Name=\"ProcessId\">0x824</Data>\r\n  <Data Name=\"ProcessName\">C:\\Windows\\System32\\WindowsPowerShell\\v1.0\\powershell.exe</Data>\r\n  <Data Name=\"ResourceAttributes\">-</Data>\r\n</EventData>", "EventID": 4656, "Activity": "4656 - A handle to an object was requested.", "SourceComputerId": "29acc230-2f13-49db-9ef2-c9b20229a10d", "EventOriginId": "29acc230-2f13-49db-9ef2-c9b20229a10c", "MG": "00000000-0000-0000-0000-000000000001", "TimeCollected": "2025-09-12T08:54:37.935Z", "ManagementGroupName": "AOI-redacted", "Type": "SecurityEvent", "_ResourceId": "/subscriptions/redacted/resourcegroups/redacted/providers/microsoft.compute/virtualmachines/workstation5"}
{"TenantId": "redacted", "TimeGenerated": "2025-09-12T08:54:08.967Z", "SourceSystem": "OpsManager", "Account": "NT AUTHORITY\\LOCAL SERVICE", "AccountType": "Machine", "Computer": "WORKSTATION5", "EventSourceName": "Microsoft-Windows-Security-Auditing", "Channel": "Security", "Task": 1, "Level": "0", "EventData": "<EventData xmlns=\"http://schemas.microsoft.com/win/2004/08/events/event\">\r\n  <Data Name=\"SubjectUserSid\">S-1-5-19</Data>\r\n  <Data Name=\"SubjectUserName\">LOCAL SERVICE</Data>\r\n  <Data Name=\"SubjectDomainName\">NT AUTHORITY</Data>\r\n  <Data Name=\"SubjectLogonId\">0x3e5</Data>\r\n  <Data Name=\"ObjectServer\">Security</Data>\r\n  <Data Name=\"ObjectType\">Key</Data>\r\n  <Data Name=\"ObjectName\">\\REGISTRY\\MACHINE\\SOFTWARE\\Microsoft\\Windows NT\\CurrentVersion\\Winlogon</Data>\r\n  <Data Name=\"HandleId\">0x798</Data>\r\n  <Data Name=\"AccessList\">%%4432 \t\t\t\t</Data>\r\n  <Data Name=\"AccessMask\">0x1</Data>\r\n  <Data Name=\"ProcessId\">0x824</Data>\r\n  <Data Name=\"ProcessName\">C:\\Windows\\System32\\WindowsPowerShell\\v1.0\\powershell.exe</Data>\r\n  <Data Name=\"ResourceAttributes\">-</Data>\r\n</EventData>", "EventID": 4663, "Activity": "4663 - An attempt was made to access an object.", "AccessList": "%%4432 \t\t\t\t", "AccessMask": "0x1", "HandleId": "0x798", "ObjectName": "\\REGISTRY\\MACHINE\\SOFTWARE\\Microsoft\\Windows NT\\CurrentVersion\\Winlogon", "ObjectServer": "Security", "ObjectType": "Key", "Process": "powershell.exe", "ProcessId": "0x824", "ProcessName": "C:\\Windows\\System32\\WindowsPowerShell\\v1.0\\powershell.exe", "SubjectAccount": "NT AUTHORITY\\LOCAL SERVICE", "SubjectDomainName": "NT AUTHORITY", "SubjectLogonId": "0x3e5", "SubjectUserName": "LOCAL SERVICE", "SubjectUserSid": "S-1-5-19", "SourceComputerId": "29acc230-2f13-49db-9ef2-c9b20229a10d", "EventOriginId": "29acc230-2f13-49db-9ef2-c9b20229a10c", "MG": "00000000-0000-0000-0000-000000000001", "TimeCollected": "2025-09-12T08:54:37.935Z", "ManagementGroupName": "AOI-redacted", "Type": "SecurityEvent", "_ResourceId": "/subscriptions/redacted/resourcegroups/redacted/providers/microsoft.compute/virtualmachines/workstation5"}
{"TenantId": "redacted", "TimeGenerated": "2025-09-12T08:54:08.967Z", "SourceSystem": "OpsManager", "Computer": "WORKSTATION5", "EventSourceName": "Microsoft-Windows-Security-Auditing", "Channel": "Security", "Task": 1, "Level": "0", "EventData": "<EventData xmlns=\"http://schemas.microsoft.com/win/2004/08/events/event\">\r\n  <Data Name=\"SubjectUserSid\">S-1-5-19</Data>\r\n  <Data Name=\"SubjectUserName\">LOCAL SERVICE</Data>\r\n  <Data Name=\"SubjectDomainName\">NT AUTHORITY</Data>\r\n  <Data Name=\"SubjectLogonId\">0x3e5</Data>\r\n  <Data Name=\"ObjectServer\">Security</Data>\r\n  <Data Name=\"ObjectType\">Key</Data>\r\n  <Data Name=\"ObjectName\">\\REGISTRY\\MACHINE\\SOFTWARE\\Microsoft\\Windows NT\\CurrentVersion\\Winlogon</Data>\r\n  <Data Name=\"HandleId\">0x790</Data>\r\n  <Data Name=\"TransactionId\">{00000000-0000-0000-0000-000000000000}</Data>\r\n  <Data Name=\"AccessList\">%%1538 \t\t\t\t%%4432 \t\t\t\t%%4435 \t\t\t\t%%4436 \t\t\t\t</Data>\r\n  <Data Name=\"AccessReason\">-</Data>\r\n  <Data Name=\"AccessMask\">0x20019</Data>\r\n  <Data Name=\"PrivilegeList\">-</Data>\r\n  <Data Name=\"RestrictedSidCount\">0</Data>\r\n  <Data Name=\"ProcessId\">0x824</Data>\r\n  <Data Name=\"ProcessName\">C:\\Windows\\System32\\WindowsPowerShell\\v1.0\\powershell.exe</Data>\r\n  <Data Name=\"ResourceAttributes\">-</Data>\r\n</EventData>", "EventID": 4656, "Activity": "4656 - A handle to an object was requested.", "SourceComputerId": "29acc230-2f13-49db-9ef2-c9b20229a10d", "EventOriginId": "29acc230-2f13-49db-9ef2-c9b20229a10c", "MG": "00000000-0000-0000-0000-000000000001", "TimeCollected": "2025-09-12T08:54:37.935Z", "ManagementGroupName": "AOI-redacted", "Type": "SecurityEvent", "_ResourceId": "/subscriptions/redacted/resourcegroups/redacted/providers/microsoft.compute/virtualmachines/workstation5"}
{"TenantId": "redacted", "TimeGenerated": "2025-09-12T08:54:08.967Z", "SourceSystem": "OpsManager", "Account": "NT AUTHORITY\\LOCAL SERVICE", "AccountType": "Machine", "Computer": "WORKSTATION5", "EventSourceName": "Microsoft-Windows-Security-Auditing", "Channel": "Security", "Task": 1, "Level": "0", "EventData": "<EventData xmlns=\"http://schemas.microsoft.com/win/2004/08/events/event\">\r\n  <Data Name=\"SubjectUserSid\">S-1-5-19</Data>\r\n  <Data Name=\"SubjectUserName\">LOCAL SERVICE</Data>\r\n  <Data Name=\"SubjectDomainName\">NT AUTHORITY</Data>\r\n  <Data Name=\"SubjectLogonId\">0x3e5</Data>\r\n  <Data Name=\"ObjectServer\">Security</Data>\r\n  <Data Name=\"ObjectType\">Key</Data>\r\n  <Data Name=\"ObjectName\">\\REGISTRY\\MACHINE\\SOFTWARE\\Microsoft\\Windows NT\\CurrentVersion\\Winlogon</Data>\r\n  <Data Name=\"HandleId\">0x790</Data>\r\n  <Data Name=\"AccessList\">%%4432 \t\t\t\t</Data>\r\n  <Data Name=\"AccessMask\">0x1</Data>\r\n  <Data Name=\"ProcessId\">0x824</Data>\r\n  <Data Name=\"ProcessName\">C:\\Windows\\System32\\WindowsPowerShell\\v1.0\\powershell.exe</Data>\r\n  <Data Name=\"ResourceAttributes\">-</Data>\r\n</EventData>", "EventID": 4663, "Activity": "4663 - An attempt was made to access an object.", "AccessList": "%%4432 \t\t\t\t", "AccessMask": "0x1", "HandleId": "0x790", "ObjectName": "\\REGISTRY\\MACHINE\\SOFTWARE\\Microsoft\\Windows NT\\CurrentVersion\\Winlogon", "ObjectServer": "Security", "ObjectType": "Key", "Process": "powershell.exe", "ProcessId": "0x824", "ProcessName": "C:\\Windows\\System32\\WindowsPowerShell\\v1.0\\powershell.exe", "SubjectAccount": "NT AUTHORITY\\LOCAL SERVICE", "SubjectDomainName": "NT AUTHORITY", "SubjectLogonId": "0x3e5", "SubjectUserName": "LOCAL SERVICE", "SubjectUserSid": "S-1-5-19", "SourceComputerId": "29acc230-2f13-49db-9ef2-c9b20229a10d", "EventOriginId": "29acc230-2f13-49db-9ef2-c9b20229a10c", "MG": "00000000-0000-0000-0000-000000000001", "TimeCollected": "2025-09-12T08:54:37.935Z", "ManagementGroupName": "AOI-redacted", "Type": "SecurityEvent", "_ResourceId": "/subscriptions/redacted/resourcegroups/redacted/providers/microsoft.compute/virtualmachines/workstation5"}
{"TenantId": "redacted", "TimeGenerated": "2025-09-12T08:54:09.267Z", "SourceSystem": "OpsManager", "Computer": "WORKSTATION5", "EventSourceName": "Microsoft-Windows-Security-Auditing", "Channel": "Security", "Task": 1, "Level": "0", "EventData": "<EventData xmlns=\"http://schemas.microsoft.com/win/2004/08/events/event\">\r\n  <Data Name=\"ProcessId\">2084</Data>\r\n  <Data Name=\"Application\">\\device\\harddiskvolume2\\windows\\system32\\windowspowershell\\v1.0\\powershell.exe</Data>\r\n  <Data Name=\"SourceAddress\">0.0.0.0</Data>\r\n  <Data Name=\"SourcePort\">54226</Data>\r\n  <Data Name=\"Protocol\">6</Data>\r\n  <Data Name=\"FilterRTID\">0</Data>\r\n  <Data Name=\"LayerName\">%%14608</Data>\r\n  <Data Name=\"LayerRTID\">36</Data>\r\n</EventData>", "EventID": 5158, "Activity": "5158 - The Windows Filtering Platform has permitted a bind to a local port.", "SourceComputerId": "29acc230-2f13-49db-9ef2-c9b20229a10d", "EventOriginId": "29acc230-2f13-49db-9ef2-c9b20229a10c", "MG": "00000000-0000-0000-0000-000000000001", "TimeCollected": "2025-09-12T08:54:37.935Z", "ManagementGroupName": "AOI-redacted", "Type": "SecurityEvent", "_ResourceId": "/subscriptions/redacted/resourcegroups/redacted/providers/microsoft.compute/virtualmachines/workstation5"}
{"TenantId": "redacted", "TimeGenerated": "2025-09-12T08:54:09.267Z", "SourceSystem": "OpsManager", "Computer": "WORKSTATION5", "EventSourceName": "Microsoft-Windows-Security-Auditing", "Channel": "Security", "Task": 1, "Level": "0", "EventData": "<EventData xmlns=\"http://schemas.microsoft.com/win/2004/08/events/event\">\r\n  <Data Name=\"ProcessID\">2084</Data>\r\n  <Data Name=\"Application\">\\device\\harddiskvolume2\\windows\\system32\\windowspowershell\\v1.0\\powershell.exe</Data>\r\n  <Data Name=\"Direction\">%%14593</Data>\r\n  <Data Name=\"SourceAddress\">192.168.2.5</Data>\r\n  <Data Name=\"SourcePort\">54226</Data>\r\n  <Data Name=\"DestAddress\">192.168.3.5</Data>\r\n  <Data Name=\"DestPort\">443</Data>\r\n  <Data Name=\"Protocol\">6</Data>\r\n  <Data Name=\"FilterRTID\">69359</Data>\r\n  <Data Name=\"LayerName\">%%14611</Data>\r\n  <Data Name=\"LayerRTID\">48</Data>\r\n  <Data Name=\"RemoteUserID\">S-1-0-0</Data>\r\n  <Data Name=\"RemoteMachineID\">S-1-0-0</Data>\r\n</EventData>", "EventID": 5156, "Activity": "5156 - The Windows Filtering Platform has allowed a connection.", "SourceComputerId": "29acc230-2f13-49db-9ef2-c9b20229a10d", "EventOriginId": "29acc230-2f13-49db-9ef2-c9b20229a10c", "MG": "00000000-0000-0000-0000-000000000001", "TimeCollected": "2025-09-12T08:54:37.935Z", "ManagementGroupName": "AOI-redacted", "Type": "SecurityEvent", "_ResourceId": "/subscriptions/redacted/resourcegroups/redacted/providers/microsoft.compute/virtualmachines/workstation5"}
{"TenantId": "redacted", "TimeGenerated": "2025-09-12T08:54:10.40Z", "SourceSystem": "OpsManager", "Account": "WORKGROUP\\WORKSTATION5$", "AccountType": "Machine", "Computer": "WORKSTATION5", "EventSourceName": "Microsoft-Windows-Security-Auditing", "Channel": "Security", "Task": 1, "Level": "0", "EventData": "<EventData xmlns=\"http://schemas.microsoft.com/win/2004/08/events/event\">\r\n  <Data Name=\"SubjectUserSid\">S-1-5-18</Data>\r\n  <Data Name=\"SubjectUserName\">WORKSTATION5$</Data>\r\n  <Data Name=\"SubjectDomainName\">WORKGROUP</Data>\r\n  <Data Name=\"SubjectLogonId\">0x3e7</Data>\r\n  <Data Name=\"ObjectServer\">Security</Data>\r\n  <Data Name=\"ObjectType\">Token</Data>\r\n  <Data Name=\"ObjectName\">-</Data>\r\n  <Data Name=\"HandleId\">0xab4</Data>\r\n  <Data Name=\"OldSd\">D:(A;;GA;;;SY)(A;;GA;;;NS)</Data>\r\n  <Data Name=\"NewSd\">D:(A;;GA;;;SY)(A;;RC;;;OW)(A;;GA;;;S-1-5-86-615999462-62705297-2911207457-59056572-3668589837)</Data>\r\n  <Data Name=\"ProcessId\">0xc4c</Data>\r\n  <Data Name=\"ProcessName\">C:\\Windows\\System32\\svchost.exe</Data>\r\n</EventData>", "EventID": 4670, "Activity": "4670 - Permissions on an object were changed.", "HandleId": "0xab4", "ObjectName": "-", "ObjectServer": "Security", "ObjectType": "Token", "Process": "svchost.exe", "ProcessId": "0xc4c", "ProcessName": "C:\\Windows\\System32\\svchost.exe", "SubjectAccount": "WORKGROUP\\WORKSTATION5$", "SubjectDomainName": "WORKGROUP", "SubjectLogonId": "0x3e7", "SubjectUserName": "WORKSTATION5$", "SubjectUserSid": "S-1-5-18", "SourceComputerId": "29acc230-2f13-49db-9ef2-c9b20229a10d", "EventOriginId": "29acc230-2f13-49db-9ef2-c9b20229a10c", "MG": "00000000-0000-0000-0000-000000000001", "TimeCollected": "2025-09-12T08:54:37.935Z", "ManagementGroupName": "AOI-redacted", "Type": "SecurityEvent", "_ResourceId": "/subscriptions/redacted/resourcegroups/redacted/providers/microsoft.compute/virtualmachines/workstation5"}
{"TenantId": "redacted", "TimeGenerated": "2025-09-12T08:54:10.40Z", "SourceSystem": "OpsManager", "Account": "WORKGROUP\\WORKSTATION5$", "AccountType": "Machine", "Computer": "WORKSTATION5", "EventSourceName": "Microsoft-Windows-Security-Auditing", "Channel": "Security", "Task": 1, "Level": "0", "EventData": "<EventData xmlns=\"http://schemas.microsoft.com/win/2004/08/events/event\">\r\n  <Data Name=\"SubjectUserSid\">S-1-5-18</Data>\r\n  <Data Name=\"SubjectUserName\">WORKSTATION5$</Data>\r\n  <Data Name=\"SubjectDomainName\">WORKGROUP</Data>\r\n  <Data Name=\"SubjectLogonId\">0x3e7</Data>\r\n  <Data Name=\"ObjectServer\">Security</Data>\r\n  <Data Name=\"ObjectType\">Token</Data>\r\n  <Data Name=\"ObjectName\">-</Data>\r\n  <Data Name=\"HandleId\">0xab4</Data>\r\n  <Data Name=\"OldSd\">D:(A;;GA;;;SY)(A;;GA;;;NS)</Data>\r\n  <Data Name=\"NewSd\">D:(A;;GA;;;SY)(A;;RC;;;OW)(A;;GA;;;S-1-5-86-615999462-62705297-2911207457-59056572-3668589837)</Data>\r\n  <Data Name=\"ProcessId\">0xc4c</Data>\r\n  <Data Name=\"ProcessName\">C:\\Windows\\System32\\svchost.exe</Data>\r\n</EventData>", "EventID": 4670, "Activity": "4670 - Permissions on an object were changed.", "HandleId": "0xab4", "ObjectName": "-", "ObjectServer": "Security", "ObjectType": "Token", "Process": "svchost.exe", "ProcessId": "0xc4c", "ProcessName": "C:\\Windows\\System32\\svchost.exe", "SubjectAccount": "WORKGROUP\\WORKSTATION5$", "SubjectDomainName": "WORKGROUP", "SubjectLogonId": "0x3e7", "SubjectUserName": "WORKSTATION5$", "SubjectUserSid": "S-1-5-18", "SourceComputerId": "29acc230-2f13-49db-9ef2-c9b20229a10d", "EventOriginId": "29acc230-2f13-49db-9ef2-c9b20229a10c", "MG": "00000000-0000-0000-0000-000000000001", "TimeCollected": "2025-09-12T08:54:37.935Z", "ManagementGroupName": "AOI-redacted", "Type": "SecurityEvent", "_ResourceId": "/subscriptions/redacted/resourcegroups/redacted/providers/microsoft.compute/virtualmachines/workstation5"}
{"TenantId": "redacted", "TimeGenerated": "2025-09-12T08:54:11.447Z", "SourceSystem": "OpsManager", "Computer": "WORKSTATION5", "EventSourceName": "Microsoft-Windows-Security-Auditing", "Channel": "Security", "Task": 1, "Level": "0", "EventData": "<EventData xmlns=\"http://schemas.microsoft.com/win/2004/08/events/event\">\r\n  <Data Name=\"ProcessId\">2584</Data>\r\n  <Data Name=\"Application\">\\device\\harddiskvolume2\\windows\\system32\\svchost.exe</Data>\r\n  <Data Name=\"SourceAddress\">::</Data>\r\n  <Data Name=\"SourcePort\">51277</Data>\r\n  <Data Name=\"Protocol\">17</Data>\r\n  <Data Name=\"FilterRTID\">0</Data>\r\n  <Data Name=\"LayerName\">%%14608</Data>\r\n  <Data Name=\"LayerRTID\">36</Data>\r\n</EventData>", "EventID": 5158, "Activity": "5158 - The Windows Filtering Platform has permitted a bind to a local port.", "SourceComputerId": "29acc230-2f13-49db-9ef2-c9b20229a10d", "EventOriginId": "29acc230-2f13-49db-9ef2-c9b20229a10c", "MG": "00000000-0000-0000-0000-000000000001", "TimeCollected": "2025-09-12T08:54:37.935Z", "ManagementGroupName": "AOI-redacted", "Type": "SecurityEvent", "_ResourceId": "/subscriptions/redacted/resourcegroups/redacted/providers/microsoft.compute/virtualmachines/workstation5"}
{"TenantId": "redacted", "TimeGenerated": "2025-09-12T08:54:11.447Z", "SourceSystem": "OpsManager", "Computer": "WORKSTATION5", "EventSourceName": "Microsoft-Windows-Security-Auditing", "Channel": "Security", "Task": 1, "Level": "0", "EventData": "<EventData xmlns=\"http://schemas.microsoft.com/win/2004/08/events/event\">\r\n  <Data Name=\"ProcessId\">2584</Data>\r\n  <Data Name=\"Application\">\\device\\harddiskvolume2\\windows\\system32\\svchost.exe</Data>\r\n  <Data Name=\"SourceAddress\">::</Data>\r\n  <Data Name=\"SourcePort\">51277</Data>\r\n  <Data Name=\"Protocol\">17</Data>\r\n  <Data Name=\"FilterRTID\">0</Data>\r\n  <Data Name=\"LayerName\">%%14608</Data>\r\n  <Data Name=\"LayerRTID\">38</Data>\r\n</EventData>", "EventID": 5158, "Activity": "5158 - The Windows Filtering Platform has permitted a bind to a local port.", "SourceComputerId": "29acc230-2f13-49db-9ef2-c9b20229a10d", "EventOriginId": "29acc230-2f13-49db-9ef2-c9b20229a10c", "MG": "00000000-0000-0000-0000-000000000001", "TimeCollected": "2025-09-12T08:54:37.935Z", "ManagementGroupName": "AOI-redacted", "Type": "SecurityEvent", "_ResourceId": "/subscriptions/redacted/resourcegroups/redacted/providers/microsoft.compute/virtualmachines/workstation5"}
